# JRE version: OpenJDK Runtime Environment (19.0.2+7) (build 19.0.2+7-44)
# Java VM: OpenJDK 64-Bit Server VM (19.0.2+7-44, mixed mode, sharing, tiered, compressed oops, compressed class ptrs, g1 gc, windows-amd64)
GC Precious Log:
 CardTable entry size: 512
 Card Set container configuration: InlinePtr #cards 4 size 8 Array Of Cards #cards 16 size 48 Howl #buckets 8 coarsen threshold 3686 Howl Bitmap #cards 512 size 80 coarsen threshold 460 Card regions per heap region 1 cards per card region 4096
 CPUs: 8 total, 8 available
 Memory: 16265M
 Large Page Support: Disabled
 NUMA Support: Disabled
 Compressed Oops: Enabled (Zero based)
 Heap Region Size: 2M
 Heap Min Capacity: 8M
 Heap Initial Capacity: 256M
 Heap Max Capacity: 4068M
 Pre-touch: Disabled
 Parallel Workers: 8
 Concurrent Workers: 2
 Concurrent Refinement Workers: 8
 Periodic GC: Disabled
Heap:
 garbage-first heap   total 49152K, used 21194K [0x0000000701c00000, 0x0000000800000000)
  region size 2048K, 5 young (10240K), 1 survivors (2048K)
 Metaspace       used 32353K, committed 32896K, reserved 1114112K
  class space    used 3687K, committed 3968K, reserved 1048576K
GC Heap History (20 events):
Event: 1020.466 GC heap before
{Heap before GC invocations=67 (full 0):
 garbage-first heap   total 49152K, used 35429K [0x0000000701c00000, 0x0000000800000000)
  region size 2048K, 12 young (24576K), 1 survivors (2048K)
 Metaspace       used 32310K, committed 32896K, reserved 1114112K
  class space    used 3681K, committed 3968K, reserved 1048576K
}
Event: 1020.467 GC heap after
{Heap after GC invocations=68 (full 0):
 garbage-first heap   total 49152K, used 14971K [0x0000000701c00000, 0x0000000800000000)
  region size 2048K, 1 young (2048K), 1 survivors (2048K)
 Metaspace       used 32310K, committed 32896K, reserved 1114112K
  class space    used 3681K, committed 3968K, reserved 1048576K
}
Event: 1020.847 GC heap before
{Heap before GC invocations=68 (full 0):
 garbage-first heap   total 49152K, used 35451K [0x0000000701c00000, 0x0000000800000000)
  region size 2048K, 12 young (24576K), 1 survivors (2048K)
 Metaspace       used 32310K, committed 32896K, reserved 1114112K
  class space    used 3681K, committed 3968K, reserved 1048576K
}
Event: 1020.848 GC heap after
{Heap after GC invocations=69 (full 0):
 garbage-first heap   total 49152K, used 14949K [0x0000000701c00000, 0x0000000800000000)
  region size 2048K, 1 young (2048K), 1 survivors (2048K)
 Metaspace       used 32310K, committed 32896K, reserved 1114112K
  class space    used 3681K, committed 3968K, reserved 1048576K
}
Event: 1021.250 GC heap before
{Heap before GC invocations=69 (full 0):
 garbage-first heap   total 49152K, used 37477K [0x0000000701c00000, 0x0000000800000000)
  region size 2048K, 12 young (24576K), 1 survivors (2048K)
 Metaspace       used 32310K, committed 32896K, reserved 1114112K
  class space    used 3681K, committed 3968K, reserved 1048576K
}
Event: 1021.251 GC heap after
{Heap after GC invocations=70 (full 0):
 garbage-first heap   total 49152K, used 15013K [0x0000000701c00000, 0x0000000800000000)
  region size 2048K, 1 young (2048K), 1 survivors (2048K)
 Metaspace       used 32310K, committed 32896K, reserved 1114112K
  class space    used 3681K, committed 3968K, reserved 1048576K
}
Event: 1021.688 GC heap before
{Heap before GC invocations=70 (full 0):
 garbage-first heap   total 49152K, used 37541K [0x0000000701c00000, 0x0000000800000000)
  region size 2048K, 12 young (24576K), 1 survivors (2048K)
 Metaspace       used 32310K, committed 32896K, reserved 1114112K
  class space    used 3681K, committed 3968K, reserved 1048576K
}
Event: 1021.688 GC heap after
{Heap after GC invocations=71 (full 0):
 garbage-first heap   total 49152K, used 14970K [0x0000000701c00000, 0x0000000800000000)
  region size 2048K, 1 young (2048K), 1 survivors (2048K)
 Metaspace       used 32310K, committed 32896K, reserved 1114112K
  class space    used 3681K, committed 3968K, reserved 1048576K
}
Event: 1022.105 GC heap before
{Heap before GC invocations=71 (full 0):
 garbage-first heap   total 49152K, used 35450K [0x0000000701c00000, 0x0000000800000000)
  region size 2048K, 12 young (24576K), 1 survivors (2048K)
 Metaspace       used 32310K, committed 32896K, reserved 1114112K
  class space    used 3681K, committed 3968K, reserved 1048576K
}
Event: 1022.105 GC heap after
{Heap after GC invocations=72 (full 0):
 garbage-first heap   total 49152K, used 14995K [0x0000000701c00000, 0x0000000800000000)
  region size 2048K, 1 young (2048K), 1 survivors (2048K)
 Metaspace       used 32310K, committed 32896K, reserved 1114112K
  class space    used 3681K, committed 3968K, reserved 1048576K
}
Event: 1022.639 GC heap before
{Heap before GC invocations=72 (full 0):
 garbage-first heap   total 49152K, used 37523K [0x0000000701c00000, 0x0000000800000000)
  region size 2048K, 12 young (24576K), 1 survivors (2048K)
 Metaspace       used 32313K, committed 32896K, reserved 1114112K
  class space    used 3682K, committed 3968K, reserved 1048576K
}
Event: 1022.640 GC heap after
{Heap after GC invocations=73 (full 0):
 garbage-first heap   total 49152K, used 14998K [0x0000000701c00000, 0x0000000800000000)
  region size 2048K, 1 young (2048K), 1 survivors (2048K)
 Metaspace       used 32313K, committed 32896K, reserved 1114112K
  class space    used 3682K, committed 3968K, reserved 1048576K
}
Event: 1022.890 GC heap before
{Heap before GC invocations=73 (full 0):
 garbage-first heap   total 49152K, used 35478K [0x0000000701c00000, 0x0000000800000000)
  region size 2048K, 12 young (24576K), 1 survivors (2048K)
 Metaspace       used 32313K, committed 32896K, reserved 1114112K
  class space    used 3682K, committed 3968K, reserved 1048576K
}
Event: 1022.891 GC heap after
{Heap after GC invocations=74 (full 0):
 garbage-first heap   total 49152K, used 14983K [0x0000000701c00000, 0x0000000800000000)
  region size 2048K, 1 young (2048K), 1 survivors (2048K)
 Metaspace       used 32313K, committed 32896K, reserved 1114112K
  class space    used 3682K, committed 3968K, reserved 1048576K
}
Event: 1023.147 GC heap before
{Heap before GC invocations=74 (full 0):
 garbage-first heap   total 49152K, used 35463K [0x0000000701c00000, 0x0000000800000000)
  region size 2048K, 12 young (24576K), 1 survivors (2048K)
 Metaspace       used 32313K, committed 32896K, reserved 1114112K
  class space    used 3682K, committed 3968K, reserved 1048576K
}
Event: 1023.148 GC heap after
{Heap after GC invocations=75 (full 0):
 garbage-first heap   total 49152K, used 15010K [0x0000000701c00000, 0x0000000800000000)
  region size 2048K, 1 young (2048K), 1 survivors (2048K)
 Metaspace       used 32313K, committed 32896K, reserved 1114112K
  class space    used 3682K, committed 3968K, reserved 1048576K
}
Event: 1023.390 GC heap before
{Heap before GC invocations=75 (full 0):
 garbage-first heap   total 49152K, used 35490K [0x0000000701c00000, 0x0000000800000000)
  region size 2048K, 12 young (24576K), 1 survivors (2048K)
 Metaspace       used 32313K, committed 32896K, reserved 1114112K
  class space    used 3682K, committed 3968K, reserved 1048576K
}
Event: 1023.391 GC heap after
{Heap after GC invocations=76 (full 0):
 garbage-first heap   total 49152K, used 14975K [0x0000000701c00000, 0x0000000800000000)
  region size 2048K, 1 young (2048K), 1 survivors (2048K)
 Metaspace       used 32313K, committed 32896K, reserved 1114112K
  class space    used 3682K, committed 3968K, reserved 1048576K
}
Event: 1023.711 GC heap before
{Heap before GC invocations=76 (full 0):
 garbage-first heap   total 49152K, used 37503K [0x0000000701c00000, 0x0000000800000000)
  region size 2048K, 12 young (24576K), 1 survivors (2048K)
 Metaspace       used 32353K, committed 32896K, reserved 1114112K
  class space    used 3687K, committed 3968K, reserved 1048576K
}
Event: 1023.712 GC heap after
{Heap after GC invocations=77 (full 0):
 garbage-first heap   total 49152K, used 15050K [0x0000000701c00000, 0x0000000800000000)
  region size 2048K, 1 young (2048K), 1 survivors (2048K)
 Metaspace       used 32353K, committed 32896K, reserved 1114112K
  class space    used 3687K, committed 3968K, reserved 1048576K
}

