# JRE version: OpenJDK Runtime Environment (19.0.2+7) (build 19.0.2+7-44)
# Java VM: OpenJDK 64-Bit Server VM (19.0.2+7-44, mixed mode, sharing, tiered, compressed oops, compressed class ptrs, g1 gc, windows-amd64)
GC Precious Log:
 CardTable entry size: 512
 Card Set container configuration: InlinePtr #cards 4 size 8 Array Of Cards #cards 16 size 48 Howl #buckets 8 coarsen threshold 3686 Howl Bitmap #cards 512 size 80 coarsen threshold 460 Card regions per heap region 1 cards per card region 4096
 CPUs: 8 total, 8 available
 Memory: 16265M
 Large Page Support: Disabled
 NUMA Support: Disabled
 Compressed Oops: Enabled (Zero based)
 Heap Region Size: 2M
 Heap Min Capacity: 8M
 Heap Initial Capacity: 256M
 Heap Max Capacity: 4068M
 Pre-touch: Disabled
 Parallel Workers: 8
 Concurrent Workers: 2
 Concurrent Refinement Workers: 8
 Periodic GC: Disabled
Heap:
 garbage-first heap   total 276480K, used 152695K [0x0000000701c00000, 0x0000000800000000)
  region size 2048K, 70 young (143360K), 2 survivors (4096K)
 Metaspace       used 32666K, committed 33216K, reserved 1114112K
  class space    used 3687K, committed 3968K, reserved 1048576K
GC Heap History (20 events):
Event: 92.951 GC heap before
{Heap before GC invocations=133 (full 0):
 garbage-first heap   total 276480K, used 176641K [0x0000000701c00000, 0x0000000800000000)
  region size 2048K, 81 young (165888K), 2 survivors (4096K)
 Metaspace       used 32666K, committed 33216K, reserved 1114112K
  class space    used 3687K, committed 3968K, reserved 1048576K
}
Event: 92.954 GC heap after
{Heap after GC invocations=134 (full 0):
 garbage-first heap   total 276480K, used 16991K [0x0000000701c00000, 0x0000000800000000)
  region size 2048K, 2 young (4096K), 2 survivors (4096K)
 Metaspace       used 32666K, committed 33216K, reserved 1114112K
  class space    used 3687K, committed 3968K, reserved 1048576K
}
Event: 93.487 GC heap before
{Heap before GC invocations=134 (full 0):
 garbage-first heap   total 276480K, used 176735K [0x0000000701c00000, 0x0000000800000000)
  region size 2048K, 81 young (165888K), 2 survivors (4096K)
 Metaspace       used 32666K, committed 33216K, reserved 1114112K
  class space    used 3687K, committed 3968K, reserved 1048576K
}
Event: 93.489 GC heap after
{Heap after GC invocations=135 (full 0):
 garbage-first heap   total 276480K, used 17126K [0x0000000701c00000, 0x0000000800000000)
  region size 2048K, 2 young (4096K), 2 survivors (4096K)
 Metaspace       used 32666K, committed 33216K, reserved 1114112K
  class space    used 3687K, committed 3968K, reserved 1048576K
}
Event: 93.927 GC heap before
{Heap before GC invocations=135 (full 0):
 garbage-first heap   total 276480K, used 176870K [0x0000000701c00000, 0x0000000800000000)
  region size 2048K, 81 young (165888K), 2 survivors (4096K)
 Metaspace       used 32666K, committed 33216K, reserved 1114112K
  class space    used 3687K, committed 3968K, reserved 1048576K
}
Event: 93.931 GC heap after
{Heap after GC invocations=136 (full 0):
 garbage-first heap   total 276480K, used 16809K [0x0000000701c00000, 0x0000000800000000)
  region size 2048K, 2 young (4096K), 2 survivors (4096K)
 Metaspace       used 32666K, committed 33216K, reserved 1114112K
  class space    used 3687K, committed 3968K, reserved 1048576K
}
Event: 94.390 GC heap before
{Heap before GC invocations=136 (full 0):
 garbage-first heap   total 276480K, used 176553K [0x0000000701c00000, 0x0000000800000000)
  region size 2048K, 81 young (165888K), 2 survivors (4096K)
 Metaspace       used 32666K, committed 33216K, reserved 1114112K
  class space    used 3687K, committed 3968K, reserved 1048576K
}
Event: 94.392 GC heap after
{Heap after GC invocations=137 (full 0):
 garbage-first heap   total 276480K, used 15417K [0x0000000701c00000, 0x0000000800000000)
  region size 2048K, 1 young (2048K), 1 survivors (2048K)
 Metaspace       used 32666K, committed 33216K, reserved 1114112K
  class space    used 3687K, committed 3968K, reserved 1048576K
}
Event: 95.063 GC heap before
{Heap before GC invocations=137 (full 0):
 garbage-first heap   total 276480K, used 177209K [0x0000000701c00000, 0x0000000800000000)
  region size 2048K, 81 young (165888K), 1 survivors (2048K)
 Metaspace       used 32666K, committed 33216K, reserved 1114112K
  class space    used 3687K, committed 3968K, reserved 1048576K
}
Event: 95.067 GC heap after
{Heap after GC invocations=138 (full 0):
 garbage-first heap   total 276480K, used 17774K [0x0000000701c00000, 0x0000000800000000)
  region size 2048K, 2 young (4096K), 2 survivors (4096K)
 Metaspace       used 32666K, committed 33216K, reserved 1114112K
  class space    used 3687K, committed 3968K, reserved 1048576K
}
Event: 95.674 GC heap before
{Heap before GC invocations=138 (full 0):
 garbage-first heap   total 276480K, used 177518K [0x0000000701c00000, 0x0000000800000000)
  region size 2048K, 81 young (165888K), 2 survivors (4096K)
 Metaspace       used 32666K, committed 33216K, reserved 1114112K
  class space    used 3687K, committed 3968K, reserved 1048576K
}
Event: 95.677 GC heap after
{Heap after GC invocations=139 (full 0):
 garbage-first heap   total 276480K, used 16260K [0x0000000701c00000, 0x0000000800000000)
  region size 2048K, 1 young (2048K), 1 survivors (2048K)
 Metaspace       used 32666K, committed 33216K, reserved 1114112K
  class space    used 3687K, committed 3968K, reserved 1048576K
}
Event: 96.271 GC heap before
{Heap before GC invocations=139 (full 0):
 garbage-first heap   total 276480K, used 178052K [0x0000000701c00000, 0x0000000800000000)
  region size 2048K, 81 young (165888K), 1 survivors (2048K)
 Metaspace       used 32666K, committed 33216K, reserved 1114112K
  class space    used 3687K, committed 3968K, reserved 1048576K
}
Event: 96.274 GC heap after
{Heap after GC invocations=140 (full 0):
 garbage-first heap   total 276480K, used 15719K [0x0000000701c00000, 0x0000000800000000)
  region size 2048K, 1 young (2048K), 1 survivors (2048K)
 Metaspace       used 32666K, committed 33216K, reserved 1114112K
  class space    used 3687K, committed 3968K, reserved 1048576K
}
Event: 97.009 GC heap before
{Heap before GC invocations=140 (full 0):
 garbage-first heap   total 276480K, used 177511K [0x0000000701c00000, 0x0000000800000000)
  region size 2048K, 81 young (165888K), 1 survivors (2048K)
 Metaspace       used 32666K, committed 33216K, reserved 1114112K
  class space    used 3687K, committed 3968K, reserved 1048576K
}
Event: 97.011 GC heap after
{Heap after GC invocations=141 (full 0):
 garbage-first heap   total 276480K, used 15778K [0x0000000701c00000, 0x0000000800000000)
  region size 2048K, 1 young (2048K), 1 survivors (2048K)
 Metaspace       used 32666K, committed 33216K, reserved 1114112K
  class space    used 3687K, committed 3968K, reserved 1048576K
}
Event: 97.758 GC heap before
{Heap before GC invocations=141 (full 0):
 garbage-first heap   total 276480K, used 177570K [0x0000000701c00000, 0x0000000800000000)
  region size 2048K, 81 young (165888K), 1 survivors (2048K)
 Metaspace       used 32666K, committed 33216K, reserved 1114112K
  class space    used 3687K, committed 3968K, reserved 1048576K
}
Event: 97.762 GC heap after
{Heap after GC invocations=142 (full 0):
 garbage-first heap   total 276480K, used 16393K [0x0000000701c00000, 0x0000000800000000)
  region size 2048K, 1 young (2048K), 1 survivors (2048K)
 Metaspace       used 32666K, committed 33216K, reserved 1114112K
  class space    used 3687K, committed 3968K, reserved 1048576K
}
Event: 98.283 GC heap before
{Heap before GC invocations=142 (full 0):
 garbage-first heap   total 276480K, used 178185K [0x0000000701c00000, 0x0000000800000000)
  region size 2048K, 81 young (165888K), 1 survivors (2048K)
 Metaspace       used 32666K, committed 33216K, reserved 1114112K
  class space    used 3687K, committed 3968K, reserved 1048576K
}
Event: 98.286 GC heap after
{Heap after GC invocations=143 (full 0):
 garbage-first heap   total 276480K, used 17527K [0x0000000701c00000, 0x0000000800000000)
  region size 2048K, 2 young (4096K), 2 survivors (4096K)
 Metaspace       used 32666K, committed 33216K, reserved 1114112K
  class space    used 3687K, committed 3968K, reserved 1048576K
}

